\BOOKMARK [1][-]{section.1}{Introduction}{}% 1
\BOOKMARK [2][-]{subsection.1.1}{OCCT}{section.1}% 2
\BOOKMARK [2][-]{subsection.1.2}{Weka}{section.1}% 3
\BOOKMARK [1][-]{section.2}{Motivation}{}% 4
\BOOKMARK [1][-]{section.3}{Code Structure}{}% 5
\BOOKMARK [2][-]{subsection.3.1}{How It Works?}{section.3}% 6
\BOOKMARK [3][-]{subsubsection.3.1.1}{General Structure}{subsection.3.1}% 7
\BOOKMARK [3][-]{subsubsection.3.1.2}{Splitting}{subsection.3.1}% 8
\BOOKMARK [3][-]{subsubsection.3.1.3}{Leafs}{subsection.3.1}% 9
\BOOKMARK [3][-]{subsubsection.3.1.4}{Pruning}{subsection.3.1}% 10
\BOOKMARK [2][-]{subsection.3.2}{Packages}{section.3}% 11
\BOOKMARK [1][-]{section.4}{Deployment}{}% 12
\BOOKMARK [2][-]{subsection.4.1}{Dependencies}{section.4}% 13
\BOOKMARK [3][-]{subsubsection.4.1.1}{Prerequisites}{subsection.4.1}% 14
\BOOKMARK [3][-]{subsubsection.4.1.2}{Obtain Weka source code}{subsection.4.1}% 15
\BOOKMARK [2][-]{subsection.4.2}{Installation}{section.4}% 16
\BOOKMARK [3][-]{subsubsection.4.2.1}{Synchronize with GIT}{subsection.4.2}% 17
\BOOKMARK [3][-]{subsubsection.4.2.2}{Compiling}{subsection.4.2}% 18
\BOOKMARK [1][-]{section.5}{GUI Usage Example}{}% 19
\BOOKMARK [2][-]{subsection.5.1}{Preparing the Input}{section.5}% 20
\BOOKMARK [2][-]{subsection.5.2}{Running the Algorithm}{section.5}% 21
\BOOKMARK [2][-]{subsection.5.3}{Viewing the Results}{section.5}% 22
\BOOKMARK [1][-]{section.6}{Code Usage Example}{}% 23
\BOOKMARK [1][-]{section.7}{Evaluation}{}% 24
\BOOKMARK [1][-]{section.8}{Future Work and Extensions}{}% 25
